#
# There is insufficient memory for the Java Runtime Environment to continue.
# Native memory allocation (malloc) failed to allocate 963696 bytes for Chunk::new
# Possible reasons:
#   The system is out of physical RAM or swap space
#   In 32 bit mode, the process size limit was hit
# Possible solutions:
#   Reduce memory load on the system
#   Increase physical memory or swap space
#   Check if swap backing store is full
#   Use 64 bit Java on a 64 bit OS
#   Decrease Java heap size (-Xmx/-Xms)
#   Decrease number of Java threads
#   Decrease Java thread stack sizes (-Xss)
#   Set larger code cache with -XX:ReservedCodeCacheSize=
# This output file may be truncated or incomplete.
#
#  Out of Memory Error (allocation.cpp:390), pid=11484, tid=2212
#
# JRE version: Java(TM) SE Runtime Environment (8.0_91-b14) (build 1.8.0_91-b14)
# Java VM: Java HotSpot(TM) 64-Bit Server VM (25.91-b14 mixed mode windows-amd64 compressed oops)
# Failed to write core dump. Minidumps are not enabled by default on client versions of Windows
#

---------------  T H R E A D  ---------------

Current thread (0x000000001efd1800):  JavaThread "C2 CompilerThread0" daemon [_thread_in_native, id=2212, stack(0x000000001f220000,0x000000001f320000)]

Stack: [0x000000001f220000,0x000000001f320000]
[error occurred during error reporting (printing stack bounds), id 0xc0000005]

Native frames: (J=compiled Java code, j=interpreted, Vv=VM code, C=native code)


Current CompileTask:
C2:   1808 1115       4       java.net.URLStreamHandler::parseURL (1158 bytes)


---------------  P R O C E S S  ---------------

Java Threads: ( => current thread )
  0x0000000020f60000 JavaThread "background-preinit" [_thread_in_native, id=12416, stack(0x0000000021fc0000,0x00000000220c0000)]
  0x000000001f06d000 JavaThread "Service Thread" daemon [_thread_blocked, id=14552, stack(0x000000001f620000,0x000000001f720000)]
  0x000000001efd5800 JavaThread "C1 CompilerThread3" daemon [_thread_blocked, id=1616, stack(0x000000001f520000,0x000000001f620000)]
  0x000000001efd3000 JavaThread "C2 CompilerThread2" daemon [_thread_in_native, id=13224, stack(0x000000001f420000,0x000000001f520000)]
  0x000000001efd2000 JavaThread "C2 CompilerThread1" daemon [_thread_in_native, id=11972, stack(0x000000001f320000,0x000000001f420000)]
=>0x000000001efd1800 JavaThread "C2 CompilerThread0" daemon [_thread_in_native, id=2212, stack(0x000000001f220000,0x000000001f320000)]
  0x000000001df65000 JavaThread "JDWP Command Reader" daemon [_thread_in_native, id=6760, stack(0x000000001e920000,0x000000001ea20000)]
  0x000000001df64000 JavaThread "JDWP Event Helper Thread" daemon [_thread_blocked, id=1280, stack(0x000000001e820000,0x000000001e920000)]
  0x000000001df58000 JavaThread "JDWP Transport Listener: dt_shmem" daemon [_thread_blocked, id=11320, stack(0x000000001e720000,0x000000001e820000)]
  0x000000001df4c800 JavaThread "Attach Listener" daemon [_thread_blocked, id=11920, stack(0x000000001e610000,0x000000001e710000)]
  0x000000001def4000 JavaThread "Signal Dispatcher" daemon [_thread_blocked, id=2152, stack(0x000000001e510000,0x000000001e610000)]
  0x000000001bfd8800 JavaThread "Finalizer" daemon [_thread_blocked, id=12896, stack(0x000000001e2b0000,0x000000001e3b0000)]
  0x000000001bfd1800 JavaThread "Reference Handler" daemon [_thread_blocked, id=5656, stack(0x000000001ddb0000,0x000000001deb0000)]
  0x00000000048b8800 JavaThread "main" [_thread_in_Java, id=9752, stack(0x00000000043d0000,0x00000000044d0000)]

Other Threads:
  0x000000001bfc9000 VMThread [stack: 0x000000001dcb0000,0x000000001ddb0000] [id=17392]
  0x000000001f12b800 WatcherThread [stack: 0x000000001f720000,0x000000001f820000] [id=15592]

VM state:not at safepoint (normal execution)

VM Mutex/Monitor currently owned by a thread: None

Heap:
 PSYoungGen      total 57344K, used 21192K [0x0000000780980000, 0x0000000784980000, 0x00000007c0000000)
  eden space 49152K, 31% used [0x0000000780980000,0x00000007818d89d8,0x0000000783980000)
  from space 8192K, 66% used [0x0000000784180000,0x00000007846d9660,0x0000000784980000)
  to   space 8192K, 0% used [0x0000000783980000,0x0000000783980000,0x0000000784180000)
 ParOldGen       total 131072K, used 16K [0x0000000701c00000, 0x0000000709c00000, 0x0000000780980000)
  object space 131072K, 0% used [0x0000000701c00000,0x0000000701c04000,0x0000000709c00000)
 Metaspace       used 13371K, capacity 13768K, committed 14080K, reserved 1060864K
  class space    used 1609K, capacity 1712K, committed 1792K, reserved 1048576K

Card table byte_map: [0x0000000013ec0000,0x00000000144c0000] byte_map_base: 0x00000000106b2000

Marking Bits: (ParMarkBitMap*) 0x0000000061b12f70
 Begin Bits: [0x00000000150c0000, 0x0000000018050000)
 End Bits:   [0x0000000018050000, 0x000000001afe0000)

Polling page: 0x00000000044d0000

CodeCache: size=245760Kb used=4368Kb max_used=4411Kb free=241391Kb
 bounds [0x0000000004b00000, 0x0000000004f60000, 0x0000000013b00000]
 total_blobs=1538 nmethods=1194 adapters=265
 compilation: enabled

Compilation events (10 events):
Event: 1.763 Thread 0x000000001efd5800 1151       3       java.util.Collections$UnmodifiableCollection::<init> (22 bytes)
Event: 1.763 Thread 0x000000001efd5800 nmethod 1151 0x0000000004f0ef10 code [0x0000000004f0f080, 0x0000000004f0f368]
Event: 1.764 Thread 0x000000001efd5800 1152       3       java.lang.invoke.MethodHandleNatives::refKindIsField (32 bytes)
Event: 1.764 Thread 0x000000001efd5800 nmethod 1152 0x0000000004f0eb90 code [0x0000000004f0ece0, 0x0000000004f0ee90]
Event: 1.772 Thread 0x000000001efd5800 1154       3       jdk.internal.org.objectweb.asm.MethodWriter::<init> (268 bytes)
Event: 1.774 Thread 0x000000001efd5800 nmethod 1154 0x0000000004f11610 code [0x0000000004f11840, 0x0000000004f12568]
Event: 1.774 Thread 0x000000001efd5800 1155       3       jdk.internal.org.objectweb.asm.MethodWriter::visitMaxs (1159 bytes)
Event: 1.777 Thread 0x000000001efd5800 nmethod 1155 0x0000000004f12d10 code [0x0000000004f131c0, 0x0000000004f159f8]
Event: 1.777 Thread 0x000000001efd5800 1153       3       jdk.internal.org.objectweb.asm.ClassWriter::visitMethod (24 bytes)
Event: 1.778 Thread 0x000000001efd5800 nmethod 1153 0x0000000004f0e6d0 code [0x0000000004f0e840, 0x0000000004f0eaa8]

GC Heap History (4 events):
Event: 0.973 GC heap before
{Heap before GC invocations=1 (full 0):
 PSYoungGen      total 57344K, used 49152K [0x0000000780980000, 0x0000000784980000, 0x00000007c0000000)
  eden space 49152K, 100% used [0x0000000780980000,0x0000000783980000,0x0000000783980000)
  from space 8192K, 0% used [0x0000000784180000,0x0000000784180000,0x0000000784980000)
  to   space 8192K, 0% used [0x0000000783980000,0x0000000783980000,0x0000000784180000)
 ParOldGen       total 131072K, used 0K [0x0000000701c00000, 0x0000000709c00000, 0x0000000780980000)
  object space 131072K, 0% used [0x0000000701c00000,0x0000000701c00000,0x0000000709c00000)
 Metaspace       used 8043K, capacity 8312K, committed 8448K, reserved 1056768K
  class space    used 927K, capacity 1002K, committed 1024K, reserved 1048576K
Event: 0.979 GC heap after
Heap after GC invocations=1 (full 0):
 PSYoungGen      total 57344K, used 4437K [0x0000000780980000, 0x0000000784980000, 0x00000007c0000000)
  eden space 49152K, 0% used [0x0000000780980000,0x0000000780980000,0x0000000783980000)
  from space 8192K, 54% used [0x0000000783980000,0x0000000783dd54c8,0x0000000784180000)
  to   space 8192K, 0% used [0x0000000784180000,0x0000000784180000,0x0000000784980000)
 ParOldGen       total 131072K, used 8K [0x0000000701c00000, 0x0000000709c00000, 0x0000000780980000)
  object space 131072K, 0% used [0x0000000701c00000,0x0000000701c02000,0x0000000709c00000)
 Metaspace       used 8043K, capacity 8312K, committed 8448K, reserved 1056768K
  class space    used 927K, capacity 1002K, committed 1024K, reserved 1048576K
}
Event: 1.643 GC heap before
{Heap before GC invocations=2 (full 0):
 PSYoungGen      total 57344K, used 53589K [0x0000000780980000, 0x0000000784980000, 0x00000007c0000000)
  eden space 49152K, 100% used [0x0000000780980000,0x0000000783980000,0x0000000783980000)
  from space 8192K, 54% used [0x0000000783980000,0x0000000783dd54c8,0x0000000784180000)
  to   space 8192K, 0% used [0x0000000784180000,0x0000000784180000,0x0000000784980000)
 ParOldGen       total 131072K, used 8K [0x0000000701c00000, 0x0000000709c00000, 0x0000000780980000)
  object space 131072K, 0% used [0x0000000701c00000,0x0000000701c02000,0x0000000709c00000)
 Metaspace       used 12121K, capacity 12454K, committed 12544K, reserved 1060864K
  class space    used 1439K, capacity 1513K, committed 1536K, reserved 1048576K
Event: 1.648 GC heap after
Heap after GC invocations=2 (full 0):
 PSYoungGen      total 57344K, used 5477K [0x0000000780980000, 0x0000000784980000, 0x00000007c0000000)
  eden space 49152K, 0% used [0x0000000780980000,0x0000000780980000,0x0000000783980000)
  from space 8192K, 66% used [0x0000000784180000,0x00000007846d9660,0x0000000784980000)
  to   space 8192K, 0% used [0x0000000783980000,0x0000000783980000,0x0000000784180000)
 ParOldGen       total 131072K, used 16K [0x0000000701c00000, 0x0000000709c00000, 0x0000000780980000)
  object space 131072K, 0% used [0x0000000701c00000,0x0000000701c04000,0x0000000709c00000)
 Metaspace       used 12121K, capacity 12454K, committed 12544K, reserved 1060864K
  class space    used 1439K, capacity 1513K, committed 1536K, reserved 1048576K
}

Deoptimization events (8 events):
Event: 0.446 Thread 0x00000000048b8800 Uncommon trap: reason=unstable_if action=reinterpret pc=0x0000000004c41da4 method=java.lang.String.indexOf([CII[CIII)I @ 134
Event: 0.675 Thread 0x00000000048b8800 Uncommon trap: reason=unstable_if action=reinterpret pc=0x0000000004ce89b4 method=java.lang.String.lastIndexOf([CII[CIII)I @ 17
Event: 0.703 Thread 0x00000000048b8800 Uncommon trap: reason=unstable_if action=reinterpret pc=0x0000000004cc9238 method=sun.misc.MetaIndex.mayContain(Ljava/lang/String;)Z @ 38
Event: 0.810 Thread 0x00000000048b8800 Uncommon trap: reason=unstable_if action=reinterpret pc=0x0000000004cf48dc method=java.util.HashMap.getNode(ILjava/lang/Object;)Ljava/util/HashMap$Node; @ 129
Event: 0.931 Thread 0x00000000048b8800 Uncommon trap: reason=unstable_if action=reinterpret pc=0x0000000004ce0654 method=java.util.HashMap.getNode(ILjava/lang/Object;)Ljava/util/HashMap$Node; @ 129
Event: 1.141 Thread 0x00000000048b8800 Uncommon trap: reason=unstable_if action=reinterpret pc=0x0000000004d3d720 method=java.io.WinNTFileSystem.normalize(Ljava/lang/String;)Ljava/lang/String; @ 128
Event: 1.142 Thread 0x00000000048b8800 Uncommon trap: reason=unstable_if action=reinterpret pc=0x0000000004ce29ac method=java.lang.String.indexOf([CII[CIII)I @ 3
Event: 1.320 Thread 0x00000000048b8800 Uncommon trap: reason=range_check action=make_not_entrant pc=0x0000000004dd81d0 method=sun.reflect.generics.parser.SignatureParser.current()C @ 34

Internal exceptions (10 events):
Event: 0.752 Thread 0x00000000048b8800 Exception <a 'java/lang/NoSuchFieldError': method resolution failed> (0x00000007829cfa28) thrown at [C:\re\workspace\8-2-build-windows-amd64-cygwin\jdk8u91\6644\hotspot\src\share\vm\prims\methodHandles.cpp, line 1146]
Event: 0.753 Thread 0x00000000048b8800 Exception <a 'java/lang/NoSuchFieldError': method resolution failed> (0x00000007829dd9b8) thrown at [C:\re\workspace\8-2-build-windows-amd64-cygwin\jdk8u91\6644\hotspot\src\share\vm\prims\methodHandles.cpp, line 1146]
Event: 0.867 Thread 0x00000000048b8800 Exception <a 'java/lang/NoSuchMethodError': org.slf4j.impl.StaticMDCBinder.getSingleton()Lorg/slf4j/impl/StaticMDCBinder;> (0x0000000783287938) thrown at [C:\re\workspace\8-2-build-windows-amd64-cygwin\jdk8u91\6644\hotspot\src\share\vm\interpreter\linkReso÷‚
Event: 1.293 Thread 0x00000000048b8800 Exception <a 'java/lang/NoSuchMethodError': java.lang.Object.lambda$static$0(Ljava/lang/Object;)Ljava/lang/Object;> (0x0000000782255828) thrown at [C:\re\workspace\8-2-build-windows-amd64-cygwin\jdk8u91\6644\hotspot\src\share\vm\interpreter\linkResolver.cpêsJ7!ı?
Event: 1.321 Thread 0x00000000048b8800 Exception <a 'java/lang/ArrayIndexOutOfBoundsException': 18> (0x00000007824536c0) thrown at [C:\re\workspace\8-2-build-windows-amd64-cygwin\jdk8u91\6644\hotspot\src\share\vm\interpreter\interpreterRuntime.cpp, line 366]
Event: 1.322 Thread 0x00000000048b8800 Exception <a 'java/lang/ArrayIndexOutOfBoundsException': 182> (0x0000000782455c28) thrown at [C:\re\workspace\8-2-build-windows-amd64-cygwin\jdk8u91\6644\hotspot\src\share\vm\interpreter\interpreterRuntime.cpp, line 366]
Event: 1.323 Thread 0x00000000048b8800 Exception <a 'java/lang/ArrayIndexOutOfBoundsException': 60> (0x0000000782457fa0) thrown at [C:\re\workspace\8-2-build-windows-amd64-cygwin\jdk8u91\6644\hotspot\src\share\vm\interpreter\interpreterRuntime.cpp, line 366]
Event: 1.600 Thread 0x00000000048b8800 Exception <a 'java/lang/NoSuchMethodError': java.lang.Object.lambda$identity$2(Ljava/lang/Object;)Ljava/lang/Object;> (0x00000007834026b0) thrown at [C:\re\workspace\8-2-build-windows-amd64-cygwin\jdk8u91\6644\hotspot\src\share\vm\interpreter\linkResolver.CÌm”X•˘?
Event: 1.603 Thread 0x00000000048b8800 Exception <a 'java/lang/NoSuchMethodError': java.lang.Object.lambda$static$0(CI)C> (0x0000000783420bb8) thrown at [C:\re\workspace\8-2-build-windows-amd64-cygwin\jdk8u91\6644\hotspot\src\share\vm\interpreter\linkResolver.cpp, line 582]
Event: 1.603 Thread 0x00000000048b8800 Exception <a 'java/lang/NoSuchMethodError': java.lang.Object.lambda$static$1(CI)C> (0x0000000783423808) thrown at [C:\re\workspace\8-2-build-windows-amd64-cygwin\jdk8u91\6644\hotspot\src\share\vm\interpreter\linkResolver.cpp, line 582]

Events (10 events):
Event: 1.777 loading class java/lang/ApplicationShutdownHooks$1
Event: 1.777 loading class java/lang/ApplicationShutdownHooks$1 done
Event: 1.778 loading class java/lang/Shutdown
Event: 1.778 loading class java/lang/Shutdown done
Event: 1.778 loading class java/lang/Shutdown$Lock
Event: 1.778 loading class java/lang/Shutdown$Lock done
Event: 1.778 loading class java/util/logging/LogManager$2
Event: 1.778 loading class java/util/logging/LogManager$2 done
Event: 1.778 loading class java/util/logging/LogManager$3
Event: 1.778 loading class java/util/logging/LogManager$3 done


Dynamic libraries:
0x00007ff6227c0000 - 0x00007ff6227f7000 	D:\Program Files\Java\jdk1.8.0_91\bin\java.exe
0x00007ffb86680000 - 0x00007ffb86860000 	C:\Windows\SYSTEM32\ntdll.dll
0x00007ffb864c0000 - 0x00007ffb8656e000 	C:\Windows\System32\KERNEL32.DLL
0x00007ffb82a80000 - 0x00007ffb82ce6000 	C:\Windows\System32\KERNELBASE.dll
0x00007ffb86050000 - 0x00007ffb860f1000 	C:\Windows\System32\ADVAPI32.dll
0x00007ffb85f30000 - 0x00007ffb85fcd000 	C:\Windows\System32\msvcrt.dll
0x00007ffb86210000 - 0x00007ffb8626b000 	C:\Windows\System32\sechost.dll
0x00007ffb863a0000 - 0x00007ffb864bf000 	C:\Windows\System32\RPCRT4.dll
0x00007ffb83eb0000 - 0x00007ffb8403e000 	C:\Windows\System32\USER32.dll
0x00007ffb83110000 - 0x00007ffb83130000 	C:\Windows\System32\win32u.dll
0x00007ffb86620000 - 0x00007ffb86648000 	C:\Windows\System32\GDI32.dll
0x00007ffb82f10000 - 0x00007ffb830a1000 	C:\Windows\System32\gdi32full.dll
0x00007ffb83360000 - 0x00007ffb833fb000 	C:\Windows\System32\msvcp_win.dll
0x00007ffb83130000 - 0x00007ffb83226000 	C:\Windows\System32\ucrtbase.dll
0x00007ffb673f0000 - 0x00007ffb67659000 	C:\Windows\WinSxS\amd64_microsoft.windows.common-controls_6595b64144ccf1df_6.0.16299.15_none_cc92fb402215d91d\COMCTL32.dll
0x00007ffb83ba0000 - 0x00007ffb83ea8000 	C:\Windows\System32\combase.dll
0x00007ffb832e0000 - 0x00007ffb83352000 	C:\Windows\System32\bcryptPrimitives.dll
0x00007ffb83b50000 - 0x00007ffb83b7d000 	C:\Windows\System32\IMM32.DLL
0x00000000638f0000 - 0x00000000639c2000 	D:\Program Files\Java\jdk1.8.0_91\jre\bin\msvcr100.dll
0x0000000061300000 - 0x0000000061b93000 	D:\Program Files\Java\jdk1.8.0_91\jre\bin\server\jvm.dll
0x00007ffb86030000 - 0x00007ffb86038000 	C:\Windows\System32\PSAPI.DLL
0x00007ffb67b20000 - 0x00007ffb67b29000 	C:\Windows\SYSTEM32\WSOCK32.dll
0x00007ffb7f700000 - 0x00007ffb7f723000 	C:\Windows\SYSTEM32\WINMM.dll
0x00007ffb74a50000 - 0x00007ffb74a5a000 	C:\Windows\SYSTEM32\VERSION.dll
0x00007ffb86270000 - 0x00007ffb862dc000 	C:\Windows\System32\WS2_32.dll
0x00007ffb7f680000 - 0x00007ffb7f6aa000 	C:\Windows\SYSTEM32\WINMMBASE.dll
0x00007ffb82cf0000 - 0x00007ffb82d3a000 	C:\Windows\System32\cfgmgr32.dll
0x0000000063c00000 - 0x0000000063c0f000 	D:\Program Files\Java\jdk1.8.0_91\jre\bin\verify.dll
0x00000000638c0000 - 0x00000000638e9000 	D:\Program Files\Java\jdk1.8.0_91\jre\bin\java.dll
0x00000000637c0000 - 0x00000000637f5000 	D:\Program Files\Java\jdk1.8.0_91\jre\bin\jdwp.dll
0x00000000637b0000 - 0x00000000637b8000 	D:\Program Files\Java\jdk1.8.0_91\jre\bin\npt.dll
0x0000000063890000 - 0x00000000638b3000 	D:\Program Files\Java\jdk1.8.0_91\jre\bin\instrument.dll
0x0000000063870000 - 0x0000000063886000 	D:\Program Files\Java\jdk1.8.0_91\jre\bin\zip.dll
0x00007ffb842c0000 - 0x00007ffb856f7000 	C:\Windows\System32\SHELL32.dll
0x00007ffb86570000 - 0x00007ffb86616000 	C:\Windows\System32\shcore.dll
0x00007ffb83400000 - 0x00007ffb83b47000 	C:\Windows\System32\windows.storage.dll
0x00007ffb862e0000 - 0x00007ffb86331000 	C:\Windows\System32\shlwapi.dll
0x00007ffb829d0000 - 0x00007ffb829e1000 	C:\Windows\System32\kernel.appcore.dll
0x00007ffb82a30000 - 0x00007ffb82a7c000 	C:\Windows\System32\powrprof.dll
0x00007ffb829f0000 - 0x00007ffb82a0b000 	C:\Windows\System32\profapi.dll
0x00000000637a0000 - 0x00000000637ab000 	D:\Program Files\Java\jdk1.8.0_91\jre\bin\dt_shmem.dll
0x0000000063850000 - 0x000000006386a000 	D:\Program Files\Java\jdk1.8.0_91\jre\bin\net.dll
0x00007ffb82260000 - 0x00007ffb822c6000 	C:\Windows\system32\mswsock.dll
0x0000000063830000 - 0x0000000063841000 	D:\Program Files\Java\jdk1.8.0_91\jre\bin\nio.dll

VM Arguments:
jvm_args: -agentlib:jdwp=transport=dt_shmem,address=javadebug,suspend=y,server=n -ea -Didea.test.cyclic.buffer.size=1048576 -javaagent:C:\Users\Administrator\.IntelliJIdea2018.2\system\captureAgent\debugger-agent.jar=file:/C:/Users/Administrator/AppData/Local/Temp/capture.props -Dfile.encoding=UTF-8 
java_command: com.intellij.rt.execution.junit.JUnitStarter -ideVersion5 -junit4 @w@C:\Users\Administrator\AppData\Local\Temp\idea_working_dirs_junit3555.tmp @C:\Users\Administrator\AppData\Local\Temp\idea_junit1531.tmp
java_class_path (initial): H:\IDEA\IntelliJ IDEA 2018.2.1\lib\idea_rt.jar;H:\IDEA\IntelliJ IDEA 2018.2.1\plugins\junit\lib\junit-rt.jar;H:\IDEA\IntelliJ IDEA 2018.2.1\plugins\junit\lib\junit5-rt.jar;D:\Program Files\Java\jdk1.8.0_91\jre\lib\charsets.jar;D:\Program Files\Java\jdk1.8.0_91\jre\lib\deploy.jar;D:\Program Files\Java\jdk1.8.0_91\jre\lib\ext\access-bridge-64.jar;D:\Program Files\Java\jdk1.8.0_91\jre\lib\ext\cldrdata.jar;D:\Program Files\Java\jdk1.8.0_91\jre\lib\ext\dnsns.jar;D:\Program Files\Java\jdk1.8.0_91\jre\lib\ext\jaccess.jar;D:\Program Files\Java\jdk1.8.0_91\jre\lib\ext\jfxrt.jar;D:\Program Files\Java\jdk1.8.0_91\jre\lib\ext\localedata.jar;D:\Program Files\Java\jdk1.8.0_91\jre\lib\ext\nashorn.jar;D:\Program Files\Java\jdk1.8.0_91\jre\lib\ext\sunec.jar;D:\Program Files\Java\jdk1.8.0_91\jre\lib\ext\sunjce_provider.jar;D:\Program Files\Java\jdk1.8.0_91\jre\lib\ext\sunmscapi.jar;D:\Program Files\Java\jdk1.8.0_91\jre\lib\ext\sunpkcs11.jar;D:\Program Files\Java\jdk1.8.0_91\jre\lib\ext\zipfs.jar;D:\Program Files\Java\jdk1.8.0_91\jre\lib\javaws.jar;D:\Program Files\Java\jdk1.8.0_91\jre\lib\jce.jar;D:\Program Files\Java\jdk1.8.0_91\jre\lib\jfr.jar;D:\Program Files\Java\jdk1.8.0_91\jre\lib\jfxswt.jar;D:\Program Files\Java\jdk1.8.0_91\jre\lib\jsse.jar;D:\Program Files\Java\jdk1.8.0_91\jre\lib\management-agent.jar;D:\Program Files\Java\jdk1.8.0_91\jre\lib\plugin.jar;D:\Program Files\Java\jdk1.8.0_91\jre\lib\resources.jar;D:\Program Files\Java\jdk1.8.0_91\jre\lib\rt.jar;F:\Idea Home\15k\leyou\ly-search\target\test-classes;F:\Idea Home\15k\leyou\ly-search\target\classes;E:\maven\repository_pinyougou\org\springframework\boot\spring-boot-starter-web\2.0.4.RELEASE\spring-boot-starter-web-2.0.4.RELEASE.jar;E:\maven\repository_pinyougou\org\springframework\boot\spring-boot-starter\2.0.4.RELEASE\spring-boot-starter-2.0.4.RELEASE.jar;E:\maven\repository_pinyougou\org\springframework\boot\spring-boot\2.0.4.RELEASE\spring-boot-2.0.4.RELEASE.jar;E:\maven\repository_pinyou
Launcher Type: SUN_STANDARD

Environment Variables:
JAVA_HOME=D:\Program Files\Java\jdk1.8.0_91
CLASSPATH=.;D:\Program Files\Java\jdk1.8.0_91\lib\dt.jar;D:\Program Files\Java\jdk1.8.0_91\lib\tools.jar;
PATH=E:\app\Administrator\product\11.2.0\client_1\bin;E:\app\Administrator\product\11.2.0\dbhome_1\bin;D:\Program Files\Java\jdk1.8.0_91\bin;C:\ProgramData\Oracle\Java\javapath;C:\Windows\system32;C:\Windows;C:\Windows\System32\Wbem;C:\Windows\System32\WindowsPowerShell\v1.0\;D:\Program Files\Java\jdk1.8.0_91\jre\bin;D:\Program Files\MySQL\MySQL Server 8.0\bin;D:\Program Files\Intel\WiFi\bin\;D:\Program Files\Common Files\Intel\WirelessCommon\;C:\Program Files (x86)\NVIDIA Corporation\PhysX\Common;D:\svnClient\bin;D:\maven3.5.4\maven_local\apache-maven-3.5.4\bin;D:\solr\apache-tomcat-8.0.53\bin;D:\Node\;C:\Users\Administrator\AppData\Local\Microsoft\WindowsApps;D:\Program Files\Intel\WiFi\bin\;D:\Program Files\Common Files\Intel\WirelessCommon\;C:\Users\Administrator\AppData\Roaming\npm
USERNAME=Administrator
OS=Windows_NT
PROCESSOR_IDENTIFIER=Intel64 Family 6 Model 60 Stepping 3, GenuineIntel



---------------  S Y S T E M  ---------------

OS: Windows 10.0 , 64 bit Build 16299 (10.0.16299.15)

CPU:total 8 (4 cores per cpu, 2 threads per core) family 6 model 60 stepping 3, cmov, cx8, fxsr, mmx, sse, sse2, sse3, ssse3, sse4.1, sse4.2, popcnt, avx, avx2, aes, clmul, erms, lzcnt, ht, tsc, tscinvbit, bmi1, bmi2

Memory: 4k page, physical 12467308k(769976k free), swap 21642600k(11640k free)

vm_info: Java HotSpot(TM) 64-Bit Server VM (25.91-b14) for windows-amd64 JRE (1.8.0_91-b14), built on Apr  1 2016 00:58:32 by "java_re" with MS VC++ 10.0 (VS2010)

time: Sun Jan 20 00:16:29 2019
elapsed time: 1 seconds (0d 0h 0m 1s)

